[debug] [2020-07-02T22:30:33.595Z] ----------------------------------------------------------------------
[debug] [2020-07-02T22:30:33.600Z] Command:       /usr/bin/node /usr/bin/firebase deploy
[debug] [2020-07-02T22:30:33.601Z] CLI Version:   8.4.3
[debug] [2020-07-02T22:30:33.601Z] Platform:      linux
[debug] [2020-07-02T22:30:33.601Z] Node Version:  v12.18.2
[debug] [2020-07-02T22:30:33.602Z] Time:          Thu Jul 02 2020 17:30:33 GMT-0500 (Peru Standard Time)
[debug] [2020-07-02T22:30:33.602Z] ----------------------------------------------------------------------
[debug] [2020-07-02T22:30:33.603Z] 
[debug] [2020-07-02T22:30:33.614Z] > command requires scopes: ["email","openid","https://www.googleapis.com/auth/cloudplatformprojects.readonly","https://www.googleapis.com/auth/firebase","https://www.googleapis.com/auth/cloud-platform"]
[debug] [2020-07-02T22:30:33.615Z] > authorizing via signed-in user
[debug] [2020-07-02T22:30:33.615Z] [iam] checking project wbusch-f8fb7 for permissions ["firebase.projects.get","firebasehosting.sites.update"]
[debug] [2020-07-02T22:30:33.619Z] >>> HTTP REQUEST POST https://cloudresourcemanager.googleapis.com/v1/projects/wbusch-f8fb7:testIamPermissions  
 {"permissions":["firebase.projects.get","firebasehosting.sites.update"]}
[debug] [2020-07-02T22:30:34.812Z] <<< HTTP RESPONSE 200 {"content-type":"application/json; charset=UTF-8","vary":"X-Origin, Referer, Origin,Accept-Encoding","date":"Thu, 02 Jul 2020 22:30:34 GMT","server":"ESF","cache-control":"private","x-xss-protection":"0","x-frame-options":"SAMEORIGIN","x-content-type-options":"nosniff","server-timing":"gfet4t7; dur=873","alt-svc":"h3-27=\":443\"; ma=2592000,h3-25=\":443\"; ma=2592000,h3-T050=\":443\"; ma=2592000,h3-Q050=\":443\"; ma=2592000,h3-Q046=\":443\"; ma=2592000,h3-Q043=\":443\"; ma=2592000,quic=\":443\"; ma=2592000; v=\"46,43\"","accept-ranges":"none","transfer-encoding":"chunked"}
[debug] [2020-07-02T22:30:34.817Z] >>> HTTP REQUEST GET https://firebase.googleapis.com/v1beta1/projects/wbusch-f8fb7  
 
[debug] [2020-07-02T22:30:35.248Z] <<< HTTP RESPONSE 200 {"content-type":"application/json; charset=UTF-8","vary":"X-Origin, Referer, Origin,Accept-Encoding","date":"Thu, 02 Jul 2020 22:30:35 GMT","server":"ESF","cache-control":"private","x-xss-protection":"0","x-frame-options":"SAMEORIGIN","x-content-type-options":"nosniff","alt-svc":"h3-27=\":443\"; ma=2592000,h3-25=\":443\"; ma=2592000,h3-T050=\":443\"; ma=2592000,h3-Q050=\":443\"; ma=2592000,h3-Q046=\":443\"; ma=2592000,h3-Q043=\":443\"; ma=2592000,quic=\":443\"; ma=2592000; v=\"46,43\"","accept-ranges":"none","transfer-encoding":"chunked"}
[info] 
[info] === Deploying to 'wbusch-f8fb7'...
[info] 
[info] i  deploying hosting 
[debug] [2020-07-02T22:30:35.257Z] >>> HTTP REQUEST POST https://firebasehosting.googleapis.com/v1beta1/sites/wbusch-f8fb7/versions  
 {"config":{"rewrites":[{"glob":"**","path":"/index.html"}]},"labels":{"deployment-tool":"cli-firebase"}}
[debug] [2020-07-02T22:30:38.492Z] <<< HTTP RESPONSE 200 {"content-type":"application/json; charset=UTF-8","vary":"X-Origin, Referer, Origin,Accept-Encoding","date":"Thu, 02 Jul 2020 22:30:38 GMT","server":"ESF","cache-control":"private","x-xss-protection":"0","x-frame-options":"SAMEORIGIN","x-content-type-options":"nosniff","alt-svc":"h3-27=\":443\"; ma=2592000,h3-25=\":443\"; ma=2592000,h3-T050=\":443\"; ma=2592000,h3-Q050=\":443\"; ma=2592000,h3-Q046=\":443\"; ma=2592000,h3-Q043=\":443\"; ma=2592000,quic=\":443\"; ma=2592000; v=\"46,43\"","accept-ranges":"none","transfer-encoding":"chunked"}
[info] i  hosting[wbusch-f8fb7]: beginning deploy... 
[info] i  hosting[wbusch-f8fb7]: found 28 files in dist 
[debug] [2020-07-02T22:30:39.754Z] [hosting] hash cache [ZGlzdA] stored for 28 files
[debug] [2020-07-02T22:30:39.755Z] [hosting][hash queue][FINAL] {"max":1201,"min":23,"avg":116.5,"active":0,"complete":28,"success":28,"errored":0,"retried":0,"total":28,"elapsed":1204}
[debug] [2020-07-02T22:30:39.756Z] >>> HTTP REQUEST POST https://firebasehosting.googleapis.com/v1beta1/sites/wbusch-f8fb7/versions/2605ab4a300c0231:populateFiles  
 <request body omitted>
[debug] [2020-07-02T22:30:41.215Z] <<< HTTP RESPONSE 200 {"content-type":"application/json; charset=UTF-8","vary":"X-Origin, Referer, Origin,Accept-Encoding","date":"Thu, 02 Jul 2020 22:30:41 GMT","server":"ESF","cache-control":"private","x-xss-protection":"0","x-frame-options":"SAMEORIGIN","x-content-type-options":"nosniff","alt-svc":"h3-27=\":443\"; ma=2592000,h3-25=\":443\"; ma=2592000,h3-T050=\":443\"; ma=2592000,h3-Q050=\":443\"; ma=2592000,h3-Q046=\":443\"; ma=2592000,h3-Q043=\":443\"; ma=2592000,quic=\":443\"; ma=2592000; v=\"46,43\"","accept-ranges":"none","transfer-encoding":"chunked"}
[debug] [2020-07-02T22:30:41.230Z] [hosting][populate queue][FINAL] {"max":1464,"min":1464,"avg":1464,"active":0,"complete":1,"success":1,"errored":0,"retried":0,"total":1,"elapsed":1477}
[debug] [2020-07-02T22:30:41.230Z] [hosting] uploads queued: 11
